
 ==============================
 S N O P T  7.7.7    (Feb 2021)
 ==============================

 SNMEMB EXIT 100 -- finished successfully
 SNMEMB INFO 104 -- memory requirements estimated

 Trial version of SNOPT -- for evaluation or academic purposes only



 Nonlinear constraints       1     Linear constraints       0
 Nonlinear variables        18     Linear variables         0
 Jacobian  variables        18     Objective variables     18
 Total constraints           1     Total variables         18



 The user has defined      18   out of      18   constraint gradients.
 The user has defined      18   out of      18   objective  gradients.


 Major Minors     Step   nCon Feasible  Optimal  MeritFunction     nS Penalty
     0     17               1  2.4E+01  7.7E-02  4.8375233E+00     17           r
     1      1  2.1E-02     11  2.3E+01  7.4E-02  7.4472707E+00     17 2.1E-05   r
     2      2  6.6E-12     17  2.3E+01  9.1E+02  7.5246067E+00     16 2.1E-05 sm
     3      2  2.2E-01     20  1.2E+01  2.4E+01  1.7413325E+02     17 3.4E-03
     4      1  8.9E-02     22  1.1E+01  7.9E+00  1.5281822E+02     17 3.4E-03

 ==============================
 S N O P T  7.7.7    (Feb 2021)
 ==============================

 SNMEMB EXIT 100 -- finished successfully
 SNMEMB INFO 104 -- memory requirements estimated

 Trial version of SNOPT -- for evaluation or academic purposes only



 Nonlinear constraints       1     Linear constraints       0
 Nonlinear variables        18     Linear variables         0
 Jacobian  variables        18     Objective variables     18
 Total constraints           1     Total variables         18



 The user has defined      18   out of      18   constraint gradients.
 The user has defined      18   out of      18   objective  gradients.


 Major Minors     Step   nCon Feasible  Optimal  MeritFunction     nS Penalty
     0     17               1  2.4E+01  7.7E-02  4.8375233E+00     17           r
     1      1  2.1E-02     11  2.3E+01  7.4E-02  7.4472707E+00     17 2.1E-05   r
     2      2  6.6E-12     17  2.3E+01  9.1E+02  7.5246067E+00     16 2.1E-05 sm
     3      2  2.2E-01     19  1.2E+01  8.4E+00  1.7445194E+02     17 3.4E-03
     4      1  1.1E-01     24  1.1E+01  1.4E+02  1.5014711E+02     17 3.4E-03
     5      1  6.4E-03     28  1.1E+01  1.0E+02  1.4907591E+02     17 3.4E-03
     6      1  7.3E-03     33  1.1E+01  1.4E+01  1.4797598E+02     17 3.4E-03
     7      1  1.9E-02     37  1.1E+01  4.7E+03  1.4632889E+02     17 3.4E-03
     8      1  8.1E-03     40  1.1E+01  8.6E+02  5.6224440E+02     17 1.9E-02

 ==============================
 S N O P T  7.7.7    (Feb 2021)
 ==============================

 SNMEMB EXIT 100 -- finished successfully
 SNMEMB INFO 104 -- memory requirements estimated

 Trial version of SNOPT -- for evaluation or academic purposes only



 Nonlinear constraints       1     Linear constraints       0
 Nonlinear variables        18     Linear variables         0
 Jacobian  variables        18     Objective variables     18
 Total constraints           1     Total variables         18



 The user has defined      18   out of      18   constraint gradients.
 The user has defined      18   out of      18   objective  gradients.

 ==============================
 S N O P T  7.7.7    (Feb 2021)
 ==============================

 SNMEMB EXIT 100 -- finished successfully
 SNMEMB INFO 104 -- memory requirements estimated

 Trial version of SNOPT -- for evaluation or academic purposes only



 Nonlinear constraints       1     Linear constraints       0
 Nonlinear variables        18     Linear variables         0
 Jacobian  variables        18     Objective variables     18
 Total constraints           1     Total variables         18



 The user has defined      18   out of      18   constraint gradients.
 The user has defined      18   out of      18   objective  gradients.


 Major Minors     Step   nCon Feasible  Optimal  MeritFunction     nS Penalty
     0     17               1  2.4E+01  7.7E-02  4.8375233E+00     17           r
     1      1  2.1E-02     10  2.3E+01  7.3E-02  7.4472958E+00     17 2.1E-05   r
