0.000000000000000000e+00 0.000000000000000000e+00 0.000000000000000000e+00 0.000000000000000000e+00 0.000000000000000000e+00 0.000000000000000000e+00 0.000000000000000000e+00 0.000000000000000000e+00 0.000000000000000000e+00 0.000000000000000000e+00 0.000000000000000000e+00 0.000000000000000000e+00 0.000000000000000000e+00 0.000000000000000000e+00 0.000000000000000000e+00 0.000000000000000000e+00 2.000000000000000111e-01
0.000000000000000000e+00 0.000000000000000000e+00 0.000000000000000000e+00 0.000000000000000000e+00 2.000000000000000111e-01
0.000000000000000000e+00 0.000000000000000000e+00 0.000000000000000000e+00 0.000000000000000000e+00 2.000000000000000111e-01
0.000000000000000000e+00 0.000000000000000000e+00 0.000000000000000000e+00 0.000000000000000000e+00 2.000000000000000111e-01
0.000000000000000000e+00 0.000000000000000000e+00 0.000000000000000000e+00 0.000000000000000000e+00 2.000000000000000111e-01
0.000000000000000000e+00 0.000000000000000000e+00 0.000000000000000000e+00 0.000000000000000000e+00 2.000000000000000111e-01
0.000000000000000000e+00 0.000000000000000000e+00 0.000000000000000000e+00 0.000000000000000000e+00 2.000000000000000111e-01
0.000000000000000000e+00 0.000000000000000000e+00 0.000000000000000000e+00 0.000000000000000000e+00 2.000000000000000111e-01
2.219052035461188677e-04 -7.901005008216846143e-06 2.693370734667550317e-05 -1.898109373278980246e-04 1.768544030199700468e-01
-1.292960972086976135e-03 1.003828962113641935e-05 6.759796279458952064e-05 -1.599395701948364001e-03 2.174709825827852716e-01
3.969561299684279919e-03 -6.598994431233331983e-05 2.359574018158628407e-05 -1.183365434098600623e-03 2.018620430756025708e-01
2.216833172855869080e-04 -7.952758339760798297e-06 2.732549530406556740e-05 -2.077922268993650384e-04 1.773581610923099794e-01
0.000000000000000000e+00 0.000000000000000000e+00 0.000000000000000000e+00 0.000000000000000000e+00 0.000000000000000000e+00 0.000000000000000000e+00 0.000000000000000000e+00 0.000000000000000000e+00 0.000000000000000000e+00 0.000000000000000000e+00 0.000000000000000000e+00 0.000000000000000000e+00 0.000000000000000000e+00 0.000000000000000000e+00 0.000000000000000000e+00 0.000000000000000000e+00 2.000000000000000111e-01
0.000000000000000000e+00 0.000000000000000000e+00 0.000000000000000000e+00 0.000000000000000000e+00 0.000000000000000000e+00 0.000000000000000000e+00 0.000000000000000000e+00 0.000000000000000000e+00 0.000000000000000000e+00 0.000000000000000000e+00 0.000000000000000000e+00 0.000000000000000000e+00 0.000000000000000000e+00 0.000000000000000000e+00 0.000000000000000000e+00 0.000000000000000000e+00 2.000000000000000111e-01
0.000000000000000000e+00 0.000000000000000000e+00 0.000000000000000000e+00 0.000000000000000000e+00 0.000000000000000000e+00 0.000000000000000000e+00 0.000000000000000000e+00 0.000000000000000000e+00 0.000000000000000000e+00 0.000000000000000000e+00 0.000000000000000000e+00 0.000000000000000000e+00 0.000000000000000000e+00 0.000000000000000000e+00 0.000000000000000000e+00 0.000000000000000000e+00 2.000000000000000111e-01
0.000000000000000000e+00 0.000000000000000000e+00 0.000000000000000000e+00 0.000000000000000000e+00 0.000000000000000000e+00 0.000000000000000000e+00 0.000000000000000000e+00 0.000000000000000000e+00 0.000000000000000000e+00 0.000000000000000000e+00 0.000000000000000000e+00 0.000000000000000000e+00 0.000000000000000000e+00 0.000000000000000000e+00 0.000000000000000000e+00 0.000000000000000000e+00 2.000000000000000111e-01
2.889348389342277085e-03 2.836800825300181492e-03 2.195693426784836935e-03 9.658923655237510114e-04 2.099674095147778183e-02 -2.135485289479461743e-02 -1.487483665497644136e-03 -1.972066661342615490e-02 2.027349970495561857e-02 -2.222830247298376860e-02 1.519509144892342012e-02 2.115207700344714104e-03 2.117814581129238635e-02 5.960243541207882467e-02 8.428153103566650775e-03 1.406102810364003725e-02 2.053487249996392983e-01
0.000000000000000000e+00 0.000000000000000000e+00 0.000000000000000000e+00 0.000000000000000000e+00 0.000000000000000000e+00 0.000000000000000000e+00 0.000000000000000000e+00 0.000000000000000000e+00 0.000000000000000000e+00 0.000000000000000000e+00 0.000000000000000000e+00 0.000000000000000000e+00 2.000000000000000111e-01
2.890488114285596696e-03 2.837919822467273052e-03 2.196559534374226564e-03 9.662733689453162703e-04 -2.136327647521655410e-02 -1.488070414483661343e-03 2.028149673757581248e-02 -2.223707059208281794e-02 2.116042059741226992e-03 2.118649968829211180e-02 8.431477651191763428e-03 1.406657458066938940e-02 2.066975567984946638e-01
9.524082643586594121e-02 9.301679786942937400e-02 7.198401542981031076e-02 3.109115990378050892e-02 -6.862345618948455517e-01 -1.725598427789442127e-02 6.758155217090866529e-01 -7.237444894815234786e-01 4.521612238688497293e-02 6.377782288242240805e-01 3.080823746686694453e-01 5.114315559414704948e-01 1.871869854570286928e-01
2.090080036492985571e-01 2.018359971669445863e-01 1.565863690006701892e-01 6.712698244606932207e-02 -1.465216321269880106e+00 -1.152573088843958371e-02 1.511947580739667396e+00 -1.697671284769829647e+00 9.677843371730535105e-02 1.290263536088924745e+00 7.153577455034261234e-01 1.187430858449048277e+00 1.491835963438674084e-01
1.773394362284731463e-01 1.722902303591549167e-01 1.325203284208257282e-01 5.689680941169701633e-02 -1.227546210146648331e+00 -2.350453148932495073e-02 1.245083463063145324e+00 -1.348447663576755717e+00 1.611967116305298431e-01 1.134460681460646825e+00 5.897934654852825531e-01 9.849347014424999491e-01 1.689583132300440105e-01
